No Changes Detected At Sat Sep 14 09:30:01 AM +06 2024
Current Status: On branch main
Your branch is up to date with 'origin/main'.

nothing to commit, working tree clean
No Changes Detected At Sat Sep 14 10:30:01 AM +06 2024
Current Status: On branch main
Your branch is up to date with 'origin/main'.

Changes not staged for commit:
  (use "git add <file>..." to update what will be committed)
  (use "git restore <file>..." to discard changes in working directory)
	modified:   git_push.log

no changes added to commit (use "git add" and/or "git commit -a")
Detected Changes: git_push.log 
Commit Output: [main 609fcd5] Automated commit: Sat Sep 14 11:00:01 AM +06 2024
 Committer: root <root@srv563309.hstgr.cloud>
Your name and email address were configured automatically based
on your username and hostname. Please check that they are accurate.
You can suppress this message by setting them explicitly. Run the
following command and follow the instructions in your editor to edit
your configuration file:

    git config --global --edit

After doing this, you may fix the identity used for this commit with:

    git commit --amend --reset-author

 1 file changed, 15 insertions(+)
Push Output: To github.com:SabbirHossainBorno/MVSD-LAB.git
   ea9fad9..609fcd5  main -> main
Push Successful
Current Status: On branch main
Your branch is up to date with 'origin/main'.

Changes not staged for commit:
  (use "git add <file>..." to update what will be committed)
  (use "git restore <file>..." to discard changes in working directory)
	modified:   git_push.log

Untracked files:
  (use "git add <file>..." to include in what will be committed)
	Storage/Images/Professor/P10MVSD_DP.jpg

no changes added to commit (use "git add" and/or "git commit -a")
Detected Changes: git_push.log Storage/Images/Professor/P10MVSD_DP.jpg 
