2024-09-15T22:01:20.938Z - Receiving form data...
2024-09-15T22:01:20.942Z - Checking if email (test4@gmail.com) or phone (9376872463444) already exists in the database...
2024-09-15T22:01:20.950Z - Initiating Professor ID generation...
2024-09-15T22:01:20.951Z - Professor ID generated successfully: P29MVSD
2024-09-15T22:01:20.951Z - New Professor ID generated: P29MVSD
2024-09-15T22:01:20.951Z - Saving profile photo with filename: P29MVSD_DP.jpeg at path: /home/mvsd-lab/Storage/Images/Professor/P29MVSD_DP.jpeg
2024-09-15T22:01:20.952Z - Profile photo saved successfully at path: /home/mvsd-lab/Storage/Images/Professor/P29MVSD_DP.jpeg
2024-09-15T22:01:20.952Z - Profile photo URL generated successfully: /home/mvsd-lab/Storage/Images/Professor/P29MVSD_DP.jpeg
2024-09-15T22:01:20.952Z - Saving award photo with filename: P29MVSD_Award_1.jpeg at path: /home/mvsd-lab/Storage/Images/Professor/P29MVSD_Award_1.jpeg
2024-09-15T22:01:20.952Z - Award photo saved successfully at path: /home/mvsd-lab/Storage/Images/Professor/P29MVSD_Award_1.jpeg
2024-09-15T22:01:20.953Z - Transaction started...
2024-09-15T22:01:20.954Z - Professor information inserted successfully.
2024-09-15T22:01:20.954Z - Member information inserted successfully.
2024-09-15T22:01:20.955Z - Education information inserted successfully.
2024-09-15T22:01:20.956Z - Career information inserted successfully.
2024-09-15T22:01:20.957Z - Citation information inserted successfully.
2024-09-15T22:01:20.957Z - Award information inserted successfully.
2024-09-15T22:01:20.958Z - Notification inserted successfully.
2024-09-15T22:01:20.959Z - Transaction committed successfully.
2024-09-15T22:01:21.554Z - Telegram alert sent successfully: A new professor has been added with ID: P29MVSD
2024-09-16 04:11:05+06:00 - Receiving form data...
2024-09-16 04:11:05+06:00 - Checking if email (test5@gmail.com) or phone (9376872463555) already exists in the database...
2024-09-16 04:11:05+06:00 - Initiating Professor ID generation...
2024-09-16 04:11:05+06:00 - Professor ID generated successfully: P30MVSD
2024-09-16 04:11:05+06:00 - New Professor ID generated: P30MVSD
2024-09-16 04:11:05+06:00 - Saving profile photo with filename: P30MVSD_DP.jpeg at path: /home/mvsd-lab/Storage/Images/Professor/P30MVSD_DP.jpeg
2024-09-16 04:11:05+06:00 - Profile photo saved successfully at path: /home/mvsd-lab/Storage/Images/Professor/P30MVSD_DP.jpeg
2024-09-16 04:11:05+06:00 - Profile photo URL generated successfully: /home/mvsd-lab/Storage/Images/Professor/P30MVSD_DP.jpeg
2024-09-16 04:11:05+06:00 - Saving award photo with filename: P30MVSD_Award_1.jpeg at path: /home/mvsd-lab/Storage/Images/Professor/P30MVSD_Award_1.jpeg
2024-09-16 04:11:05+06:00 - Award photo saved successfully at path: /home/mvsd-lab/Storage/Images/Professor/P30MVSD_Award_1.jpeg
2024-09-16 04:11:05+06:00 - Transaction started...
2024-09-16 04:11:05+06:00 - Professor information inserted successfully.
2024-09-16 04:11:05+06:00 - Member information inserted successfully.
2024-09-16 04:11:05+06:00 - Education information inserted successfully.
2024-09-16 04:11:05+06:00 - Career information inserted successfully.
2024-09-16 04:11:05+06:00 - Citation information inserted successfully.
2024-09-16 04:11:05+06:00 - Award information inserted successfully.
2024-09-16 04:11:05+06:00 - Notification inserted successfully.
2024-09-16 04:11:05+06:00 - Transaction committed successfully.
2024-09-16 04:11:06+06:00 - Telegram alert sent successfully: A new professor has been added with ID: P30MVSD
2024-09-16 04:24:17+06:00 - Receiving form data...
2024-09-16 04:24:18+06:00 - Checking if email (test6@gmail.com) or phone (9376872466666) already exists in the database...
2024-09-16 04:24:18+06:00 - Initiating Professor ID generation...
2024-09-16 04:24:18+06:00 - Professor ID generated successfully: P31MVSD
2024-09-16 04:24:18+06:00 - New Professor ID generated: P31MVSD
2024-09-16 04:24:18+06:00 - Saving profile photo with filename: P31MVSD_DP.jpeg at path: /home/mvsd-lab/Storage/Images/Professor/P31MVSD_DP.jpeg
2024-09-16 04:24:18+06:00 - Profile photo saved successfully at path: /home/mvsd-lab/Storage/Images/Professor/P31MVSD_DP.jpeg
2024-09-16 04:24:18+06:00 - Profile photo URL generated successfully: /home/mvsd-lab/Storage/Images/Professor/P31MVSD_DP.jpeg
2024-09-16 04:24:18+06:00 - Saving award photo with filename: P31MVSD_Award_1.png at path: /home/mvsd-lab/Storage/Images/Professor/P31MVSD_Award_1.png
2024-09-16 04:24:18+06:00 - Award photo saved successfully at path: /home/mvsd-lab/Storage/Images/Professor/P31MVSD_Award_1.png
2024-09-16 04:24:18+06:00 - A New Professor Adding Process Execution Started...
2024-09-16 04:24:18+06:00 - Professor information inserted successfully.
2024-09-16 04:24:18+06:00 - Member information inserted successfully.
2024-09-16 04:24:18+06:00 - Education information inserted successfully.
2024-09-16 04:24:18+06:00 - Career information inserted successfully.
2024-09-16 04:24:18+06:00 - Citation information inserted successfully.
2024-09-16 04:24:18+06:00 - Award information inserted successfully.
2024-09-16 04:24:18+06:00 - Notification inserted successfully.
2024-09-16 04:24:18+06:00 - Execution committed successfully.
2024-09-16 04:24:18+06:00 - A New Professor Added Successfully ID : P31MVSD
2024-09-16 04:24:18+06:00 - Telegram alert sent successfully: MVSD LAB DASHBOARD
------------------------------
A New Professor Added.
ID : P31MVSD
2024-09-16 04:32:11+06:00 - Receiving form data...
2024-09-16 04:32:14+06:00 - Checking if email (sabbirhossainborno@gmail.com) or phone (1716653557) already exists in the database...
2024-09-16 04:32:14+06:00 - Email already exists in the database: sabbirhossainborno@gmail.com
2024-09-16 04:32:36+06:00 - Receiving form data...
2024-09-16 04:32:39+06:00 - Checking if email (sabbirhos@gmail.com) or phone (1716653557) already exists in the database...
2024-09-16 04:32:39+06:00 - Initiating Professor ID generation...
2024-09-16 04:32:39+06:00 - Professor ID generated successfully: P32MVSD
2024-09-16 04:32:39+06:00 - New Professor ID generated: P32MVSD
2024-09-16 04:32:39+06:00 - Saving profile photo with filename: P32MVSD_DP.jpeg at path: /home/mvsd-lab/Storage/Images/Professor/P32MVSD_DP.jpeg
2024-09-16 04:32:39+06:00 - Profile photo saved successfully at path: /home/mvsd-lab/Storage/Images/Professor/P32MVSD_DP.jpeg
2024-09-16 04:32:39+06:00 - Profile photo URL generated successfully: /home/mvsd-lab/Storage/Images/Professor/P32MVSD_DP.jpeg
2024-09-16 04:32:39+06:00 - Saving award photo with filename: P32MVSD_Award_1.png at path: /home/mvsd-lab/Storage/Images/Professor/P32MVSD_Award_1.png
2024-09-16 04:32:39+06:00 - Award photo saved successfully at path: /home/mvsd-lab/Storage/Images/Professor/P32MVSD_Award_1.png
2024-09-16 04:32:39+06:00 - Saving award photo with filename: P32MVSD_Award_2.png at path: /home/mvsd-lab/Storage/Images/Professor/P32MVSD_Award_2.png
2024-09-16 04:32:39+06:00 - Award photo saved successfully at path: /home/mvsd-lab/Storage/Images/Professor/P32MVSD_Award_2.png
2024-09-16 04:32:39+06:00 - A New Professor Adding Process Execution Started...
2024-09-16 04:32:39+06:00 - Professor information inserted successfully.
2024-09-16 04:32:39+06:00 - Member information inserted successfully.
2024-09-16 04:32:39+06:00 - Education information inserted successfully.
2024-09-16 04:32:39+06:00 - Error during transaction: invalid input syntax for type integer: "NaN"
2024-09-16 04:34:51+06:00 - Receiving form data...
2024-09-16 04:34:54+06:00 - Checking if email (sabbirhos@gmail.com) or phone (1716653557) already exists in the database...
2024-09-16 04:34:54+06:00 - Initiating Professor ID generation...
2024-09-16 04:34:54+06:00 - Professor ID generated successfully: P32MVSD
2024-09-16 04:34:54+06:00 - New Professor ID generated: P32MVSD
2024-09-16 04:34:54+06:00 - Saving profile photo with filename: P32MVSD_DP.jpeg at path: /home/mvsd-lab/Storage/Images/Professor/P32MVSD_DP.jpeg
2024-09-16 04:34:54+06:00 - Profile photo saved successfully at path: /home/mvsd-lab/Storage/Images/Professor/P32MVSD_DP.jpeg
2024-09-16 04:34:54+06:00 - Profile photo URL generated successfully: /home/mvsd-lab/Storage/Images/Professor/P32MVSD_DP.jpeg
2024-09-16 04:34:54+06:00 - Saving award photo with filename: P32MVSD_Award_1.png at path: /home/mvsd-lab/Storage/Images/Professor/P32MVSD_Award_1.png
2024-09-16 04:34:54+06:00 - Award photo saved successfully at path: /home/mvsd-lab/Storage/Images/Professor/P32MVSD_Award_1.png
2024-09-16 04:34:54+06:00 - Saving award photo with filename: P32MVSD_Award_2.png at path: /home/mvsd-lab/Storage/Images/Professor/P32MVSD_Award_2.png
2024-09-16 04:34:54+06:00 - Award photo saved successfully at path: /home/mvsd-lab/Storage/Images/Professor/P32MVSD_Award_2.png
2024-09-16 04:34:54+06:00 - A New Professor Adding Process Execution Started...
2024-09-16 04:34:54+06:00 - Professor information inserted successfully.
2024-09-16 04:34:54+06:00 - Member information inserted successfully.
2024-09-16 04:34:54+06:00 - Education information inserted successfully.
2024-09-16 04:34:54+06:00 - Career information inserted successfully.
2024-09-16 04:34:54+06:00 - Career information inserted successfully.
2024-09-16 04:34:54+06:00 - Citation information inserted successfully.
2024-09-16 04:34:54+06:00 - Award information inserted successfully.
2024-09-16 04:34:54+06:00 - Award information inserted successfully.
2024-09-16 04:34:54+06:00 - Notification inserted successfully.
2024-09-16 04:34:54+06:00 - Execution committed successfully.
2024-09-16 04:34:54+06:00 - A New Professor Added Successfully ID : P32MVSD
2024-09-16 04:34:55+06:00 - Telegram alert sent successfully: MVSD LAB DASHBOARD
----------------------------------
A New Professor Added.
ID : P32MVSD
2024-09-16 05:37:13+06:00 - Receiving form data...
2024-09-16 05:37:13+06:00 - Checking if email (test14@gmail.com) or phone (01928837414) already exists in the database...
2024-09-16 05:37:13+06:00 - Initiating Professor ID generation...
2024-09-16 05:37:13+06:00 - Professor ID generated successfully: P33MVSD
2024-09-16 05:37:13+06:00 - New Professor ID generated: P33MVSD
2024-09-16 05:37:13+06:00 - Saving profile photo with filename: P33MVSD_DP.jpeg at path: /home/mvsd-lab/Storage/Images/Professor/P33MVSD_DP.jpeg
2024-09-16 05:37:13+06:00 - Profile photo saved successfully at path: /home/mvsd-lab/Storage/Images/Professor/P33MVSD_DP.jpeg
2024-09-16 05:37:13+06:00 - Profile photo URL generated successfully: /home/mvsd-lab/Storage/Images/Professor/P33MVSD_DP.jpeg
2024-09-16 05:37:13+06:00 - Saving award photo with filename: P33MVSD_Award_1.png at path: /home/mvsd-lab/Storage/Images/Professor/P33MVSD_Award_1.png
2024-09-16 05:37:13+06:00 - Award photo saved successfully at path: /home/mvsd-lab/Storage/Images/Professor/P33MVSD_Award_1.png
2024-09-16 05:37:13+06:00 - A New Professor Adding Process Execution Started...
2024-09-16 05:37:13+06:00 - Professor information inserted successfully.
2024-09-16 05:37:13+06:00 - Member information inserted successfully.
2024-09-16 05:37:13+06:00 - Education information inserted successfully.
2024-09-16 05:37:13+06:00 - Education information inserted successfully.
2024-09-16 05:37:13+06:00 - Career information inserted successfully.
2024-09-16 05:37:13+06:00 - Citation information inserted successfully.
2024-09-16 05:37:13+06:00 - Citation information inserted successfully.
2024-09-16 05:37:13+06:00 - Award information inserted successfully.
2024-09-16 05:37:13+06:00 - Notification inserted successfully.
2024-09-16 05:37:13+06:00 - Execution committed successfully.
2024-09-16 05:37:13+06:00 - A New Professor Added Successfully ID : P33MVSD
2024-09-16 05:37:14+06:00 - Telegram alert sent successfully
2024-09-17T20:32:07.631Z [Session ID: 4e4f96c3-24bc-4774-a42c-6032cc1a2d18] Login attempt for email: admin@mvsdlab.com
2024-09-17T20:32:07.632Z [Session ID: 4e4f96c3-24bc-4774-a42c-6032cc1a2d18] Error during login for email: admin@mvsdlab.com - TELEGRAM_API_KEY is not defined
2024-09-17T20:33:02.364Z [Session ID: a3787bbd-57eb-45ee-b283-fca2057c8537] Login attempt for email: admin@mvsdlab.com
2024-09-17T20:33:02.799Z [Session ID: a3787bbd-57eb-45ee-b283-fca2057c8537] Admin login successful for email: admin@mvsdlab.com
2024-09-17T20:41:30.143Z [Session ID: 64b298dd-bd14-4775-965d-1929bd9c3248] Login attempt for email: admin@mvsdlab.com
2024-09-17T20:41:30.589Z [Session ID: 64b298dd-bd14-4775-965d-1929bd9c3248] Admin login successful for email: admin@mvsdlab.com
2024-09-17T20:42:22.393Z [Session ID: 0a1a05da-06b2-45a1-bc40-a607a59d1af7] Login attempt for email: admin@mvsdlab.com
2024-09-17T20:42:22.805Z [Session ID: 0a1a05da-06b2-45a1-bc40-a607a59d1af7] Admin login successful for email: admin@mvsdlab.com
2024-09-17T20:43:23.675Z [Session ID: e5f97492-bd32-4ecb-ab8d-bc078d3b6e66] Login attempt for email: admin@mvsdlab.com
2024-09-17T20:43:24.108Z [Session ID: e5f97492-bd32-4ecb-ab8d-bc078d3b6e66] Admin login successful for email: admin@mvsdlab.com
2024-09-17T20:57:44.562Z [Session ID: 8d3975b6-e96c-4c94-99e2-e851cbf2f377] Signup attempt for email: alamgirhossain@gmail.com {"ip":"103.180.244.251","userAgent":"Mozilla/5.0 (Windows NT 10.0; Win64; x64) AppleWebKit/537.36 (KHTML, like Gecko) Chrome/128.0.0.0 Safari/537.36 Edg/128.0.0.0"}
2024-09-17T20:57:45.055Z [Session ID: 8d3975b6-e96c-4c94-99e2-e851cbf2f377] User registered successfully for email: alamgirhossain@gmail.com {}
