2025-05-28 15:50:23-EID[]-SID[9fa17e7f-a9a7-4d9f-84f2-a52fb8abafa9]-[INFO] TASK[Login]-Login attempt for amin@gmail.com from IP 123.200.7.106
2025-05-28 15:50:23-EID[]-SID[9fa17e7f-a9a7-4d9f-84f2-a52fb8abafa9]-[INFO] TASK[DBCheck]-Looking for amin@gmail.com in member
2025-05-28 15:50:23-EID[382096-MVSDLAB]-SID[9fa17e7f-a9a7-4d9f-84f2-a52fb8abafa9]-[INFO] TASK[Generate EID]-Generated EID 382096-MVSDLAB for user amin@gmail.com
2025-05-28 15:50:23-EID[382096-MVSDLAB]-SID[9fa17e7f-a9a7-4d9f-84f2-a52fb8abafa9]-[INFO] TASK[AuthSuccess]-Successful member login for amin@gmail.com
2025-05-28 15:50:41-EID[382096-MVSDLAB]-SID[9fa17e7f-a9a7-4d9f-84f2-a52fb8abafa9]-[INFO] TASK[Auth Check]-User type : PhD Candidate (member)
2025-05-28 15:50:43-EID[382096-MVSDLAB]-SID[9fa17e7f-a9a7-4d9f-84f2-a52fb8abafa9]-[INFO] TASK[DashboardData]-Fetched data for amin@gmail.com
2025-05-28 15:50:43-EID[382096-MVSDLAB]-SID[9fa17e7f-a9a7-4d9f-84f2-a52fb8abafa9]-[INFO] TASK[DashboardData]-Fetched data for amin@gmail.com
2025-05-28 15:50:45-EID[382096-MVSDLAB]-SID[9fa17e7f-a9a7-4d9f-84f2-a52fb8abafa9]-[INFO] TASK[Auth Check]-User type : PhD Candidate (member)
2025-05-28 16:02:10-EID[]-SID[fd613ee6-777f-4358-a64f-201d0a1e579a]-[INFO] TASK[Login]-Login attempt for amin@gmail.com from IP 123.200.7.106
2025-05-28 16:02:10-EID[]-SID[fd613ee6-777f-4358-a64f-201d0a1e579a]-[INFO] TASK[DBCheck]-Looking for amin@gmail.com in member
2025-05-28 16:02:10-EID[767108-MVSDLAB]-SID[fd613ee6-777f-4358-a64f-201d0a1e579a]-[INFO] TASK[Generate EID]-Generated EID 767108-MVSDLAB for user amin@gmail.com
2025-05-28 16:02:10-EID[767108-MVSDLAB]-SID[fd613ee6-777f-4358-a64f-201d0a1e579a]-[INFO] TASK[AuthSuccess]-Successful member login for amin@gmail.com
2025-05-28 16:02:11-EID[767108-MVSDLAB]-SID[fd613ee6-777f-4358-a64f-201d0a1e579a]-[INFO] TASK[Auth Check]-User type : PhD Candidate (member)
2025-05-28 16:02:13-EID[767108-MVSDLAB]-SID[fd613ee6-777f-4358-a64f-201d0a1e579a]-[INFO] TASK[DashboardData]-Fetched data for amin@gmail.com
2025-05-28 16:02:13-EID[767108-MVSDLAB]-SID[fd613ee6-777f-4358-a64f-201d0a1e579a]-[INFO] TASK[DashboardData]-Fetched data for amin@gmail.com
2025-05-28 16:02:16-EID[767108-MVSDLAB]-SID[fd613ee6-777f-4358-a64f-201d0a1e579a]-[INFO] TASK[Auth Check]-User type : PhD Candidate (member)
2025-05-28 16:02:27-EID[767108-MVSDLAB]-SID[fd613ee6-777f-4358-a64f-201d0a1e579a]-[INFO] TASK[Auth Check]-User type : PhD Candidate (member)
2025-05-28 16:02:40-EID[767108-MVSDLAB]-SID[fd613ee6-777f-4358-a64f-201d0a1e579a]-[INFO] TASK[Auth Check]-User type : PhD Candidate (member)
2025-05-28 16:02:40-EID[767108-MVSDLAB]-SID[fd613ee6-777f-4358-a64f-201d0a1e579a]-[INFO] TASK[DashboardData]-Fetched data for amin@gmail.com
2025-05-28 16:02:40-EID[767108-MVSDLAB]-SID[fd613ee6-777f-4358-a64f-201d0a1e579a]-[INFO] TASK[DashboardData]-Fetched data for amin@gmail.com
2025-05-28 17:41:49-EID[]-SID[5298c669-8a94-4053-9bd1-db9871d75cb9]-[INFO] TASK[Login]-Login attempt for amin@gmail.com from IP 123.200.7.106
2025-05-28 17:41:49-EID[]-SID[5298c669-8a94-4053-9bd1-db9871d75cb9]-[INFO] TASK[DBCheck]-Looking for amin@gmail.com in member
2025-05-28 17:41:49-EID[191246-MVSDLAB]-SID[5298c669-8a94-4053-9bd1-db9871d75cb9]-[INFO] TASK[Generate EID]-Generated EID 191246-MVSDLAB for user amin@gmail.com
2025-05-28 17:41:49-EID[191246-MVSDLAB]-SID[5298c669-8a94-4053-9bd1-db9871d75cb9]-[INFO] TASK[AuthSuccess]-Successful member login for amin@gmail.com
2025-05-28 17:41:52-EID[191246-MVSDLAB]-SID[5298c669-8a94-4053-9bd1-db9871d75cb9]-[INFO] TASK[DashboardData]-Fetched data for amin@gmail.com
2025-05-28 17:42:44-EID[191246-MVSDLAB]-SID[5298c669-8a94-4053-9bd1-db9871d75cb9]-[INFO] TASK[DashboardData]-Fetched data for amin@gmail.com
2025-05-28 17:42:55-EID[191246-MVSDLAB]-SID[5298c669-8a94-4053-9bd1-db9871d75cb9]-[INFO] TASK[DashboardData]-Fetched data for amin@gmail.com
2025-05-28 17:48:56-EID[191246-MVSDLAB]-SID[5298c669-8a94-4053-9bd1-db9871d75cb9]-[INFO] TASK[DashboardData]-Fetched data for amin@gmail.com
2025-05-28 17:49:21-EID[191246-MVSDLAB]-SID[5298c669-8a94-4053-9bd1-db9871d75cb9]-[INFO] TASK[DashboardData]-Fetched data for amin@gmail.com
2025-05-28 17:56:56-EID[191246-MVSDLAB]-SID[5298c669-8a94-4053-9bd1-db9871d75cb9]-[INFO] TASK[DashboardData]-Fetched data for amin@gmail.com
