2025-06-03 04:45:40-EID[]-SID[ac6140ab-f56c-4430-9b09-6f3da70a0c88]-[INFO] TASK[Login]-Login attempt for borno6655netflix@gmail.com from IP 103.180.244.251
2025-06-03 04:45:40-EID[]-SID[ac6140ab-f56c-4430-9b09-6f3da70a0c88]-[INFO] TASK[DBCheck]-Looking for borno6655netflix@gmail.com in member
2025-06-03 04:45:40-EID[]-SID[ac6140ab-f56c-4430-9b09-6f3da70a0c88]-[INFO] TASK[DirectorCheck]-Found director: D01MVSD
2025-06-03 04:45:40-EID[]-SID[ac6140ab-f56c-4430-9b09-6f3da70a0c88]-[INFO] TASK[DirectorAuth]-Validating director D01MVSD
2025-06-03 04:45:40-EID[]-SID[ac6140ab-f56c-4430-9b09-6f3da70a0c88]-[INFO] TASK[DirectorLogin]-Director ID: D01MVSD, Email: borno6655netflix@gmail.com
2025-06-03 04:45:40-EID[627724-MVSDLAB]-SID[ac6140ab-f56c-4430-9b09-6f3da70a0c88]-[INFO] TASK[Generate EID]-Generated EID 627724-MVSDLAB for director borno6655netflix@gmail.com
2025-06-03 04:45:41-EID[627724-MVSDLAB]-SID[ac6140ab-f56c-4430-9b09-6f3da70a0c88]-[INFO] TASK[AuthSuccess]-Successful director login for borno6655netflix@gmail.com
2025-06-03 04:45:54-EID[627724-MVSDLAB]-SID[ac6140ab-f56c-4430-9b09-6f3da70a0c88]-[INFO] TASK[Auth Check]-User type : Director (member)
2025-06-03 04:51:48-EID[627724-MVSDLAB]-SID[ac6140ab-f56c-4430-9b09-6f3da70a0c88]-[INFO] TASK[Auth Check]-User type : Director (member)
2025-06-03 05:16:22-EID[]-SID[ce94346f-1dd1-4c31-a7eb-54874041cd53]-[INFO] TASK[Login]-Login attempt for borno6655netflix@gmail.com from IP 103.180.244.251
2025-06-03 05:16:22-EID[]-SID[ce94346f-1dd1-4c31-a7eb-54874041cd53]-[INFO] TASK[DBCheck]-Looking for borno6655netflix@gmail.com in member
2025-06-03 05:16:22-EID[]-SID[ce94346f-1dd1-4c31-a7eb-54874041cd53]-[INFO] TASK[DirectorCheck]-Found director: D01MVSD
2025-06-03 05:16:22-EID[]-SID[ce94346f-1dd1-4c31-a7eb-54874041cd53]-[INFO] TASK[DirectorAuth]-Validating director D01MVSD
2025-06-03 05:16:22-EID[]-SID[ce94346f-1dd1-4c31-a7eb-54874041cd53]-[INFO] TASK[DirectorLogin]-Director ID: D01MVSD, Email: borno6655netflix@gmail.com
2025-06-03 05:16:22-EID[303743-MVSDLAB]-SID[ce94346f-1dd1-4c31-a7eb-54874041cd53]-[INFO] TASK[Generate EID]-Generated EID 303743-MVSDLAB for director borno6655netflix@gmail.com
2025-06-03 05:16:22-EID[303743-MVSDLAB]-SID[ce94346f-1dd1-4c31-a7eb-54874041cd53]-[INFO] TASK[AuthSuccess]-Successful director login for borno6655netflix@gmail.com
2025-06-03 05:16:25-EID[303743-MVSDLAB]-SID[ce94346f-1dd1-4c31-a7eb-54874041cd53]-[INFO] TASK[Auth Check]-User type : Director (member)
2025-06-03 05:16:51-EID[303743-MVSDLAB]-SID[ce94346f-1dd1-4c31-a7eb-54874041cd53]-[INFO] TASK[Auth Check]-User type : Director (member)
2025-06-03 05:25:18-EID[303743-MVSDLAB]-SID[ce94346f-1dd1-4c31-a7eb-54874041cd53]-[INFO] TASK[Auth Check]-User type : Director (member)
2025-06-03 05:27:07-EID[303743-MVSDLAB]-SID[ce94346f-1dd1-4c31-a7eb-54874041cd53]-[INFO] TASK[Auth Check]-User type : Director (member)
2025-06-03 05:29:44-EID[303743-MVSDLAB]-SID[ce94346f-1dd1-4c31-a7eb-54874041cd53]-[INFO] TASK[Logout]-member borno6655netflix@gmail.com logged out from 103.180.244.251
2025-06-03 05:29:53-EID[]-SID[e2b84d98-8191-43e3-a71a-583e2bec9627]-[INFO] TASK[Login]-Login attempt for borno6655aiub@gmail.com from IP 103.180.244.251
2025-06-03 05:29:53-EID[]-SID[e2b84d98-8191-43e3-a71a-583e2bec9627]-[INFO] TASK[DBCheck]-Looking for borno6655aiub@gmail.com in member
2025-06-03 05:29:53-EID[947893-MVSDLAB]-SID[e2b84d98-8191-43e3-a71a-583e2bec9627]-[INFO] TASK[Generate EID]-Generated EID 947893-MVSDLAB for user borno6655aiub@gmail.com
2025-06-03 05:29:53-EID[947893-MVSDLAB]-SID[e2b84d98-8191-43e3-a71a-583e2bec9627]-[INFO] TASK[AuthSuccess]-Successful user login for borno6655aiub@gmail.com
2025-06-03 05:30:08-EID[947893-MVSDLAB]-SID[e2b84d98-8191-43e3-a71a-583e2bec9627]-[INFO] TASK[Auth Check]-User type : PhD Candidate (member)
2025-06-03 05:30:12-EID[947893-MVSDLAB]-SID[e2b84d98-8191-43e3-a71a-583e2bec9627]-[INFO] TASK[DashboardData]-Fetched data for borno6655aiub@gmail.com
2025-06-03 05:30:13-EID[947893-MVSDLAB]-SID[e2b84d98-8191-43e3-a71a-583e2bec9627]-[INFO] TASK[DashboardData]-Fetched data for borno6655aiub@gmail.com
2025-06-03 05:30:15-EID[947893-MVSDLAB]-SID[e2b84d98-8191-43e3-a71a-583e2bec9627]-[INFO] TASK[Auth Check]-User type : PhD Candidate (member)
2025-06-03 05:30:26-EID[947893-MVSDLAB]-SID[e2b84d98-8191-43e3-a71a-583e2bec9627]-[ERROR] TASK[PublicationList]-Connection terminated due to connection timeout
2025-06-03 05:30:57-EID[947893-MVSDLAB]-SID[e2b84d98-8191-43e3-a71a-583e2bec9627]-[INFO] TASK[Logout]-member borno6655aiub@gmail.com logged out from 103.180.244.251
2025-06-03 15:16:35-EID[]-SID[48ae42a6-190c-4190-9366-8ff70299bf27]-[INFO] TASK[Login]-Login attempt for borno6655aiub@gmail.com from IP 103.180.244.251
2025-06-03 15:16:35-EID[]-SID[48ae42a6-190c-4190-9366-8ff70299bf27]-[INFO] TASK[DBCheck]-Looking for borno6655aiub@gmail.com in member
2025-06-03 15:16:35-EID[226157-MVSDLAB]-SID[48ae42a6-190c-4190-9366-8ff70299bf27]-[INFO] TASK[Generate EID]-Generated EID 226157-MVSDLAB for user borno6655aiub@gmail.com
2025-06-03 15:16:36-EID[226157-MVSDLAB]-SID[48ae42a6-190c-4190-9366-8ff70299bf27]-[INFO] TASK[AuthSuccess]-Successful user login for borno6655aiub@gmail.com
2025-06-03 15:16:51-EID[226157-MVSDLAB]-SID[48ae42a6-190c-4190-9366-8ff70299bf27]-[INFO] TASK[Auth Check]-User type : PhD Candidate (member)
2025-06-03 15:16:52-EID[226157-MVSDLAB]-SID[48ae42a6-190c-4190-9366-8ff70299bf27]-[INFO] TASK[DashboardData]-Fetched data for borno6655aiub@gmail.com
2025-06-03 15:16:53-EID[226157-MVSDLAB]-SID[48ae42a6-190c-4190-9366-8ff70299bf27]-[INFO] TASK[DashboardData]-Fetched data for borno6655aiub@gmail.com
2025-06-03 15:16:59-EID[226157-MVSDLAB]-SID[48ae42a6-190c-4190-9366-8ff70299bf27]-[INFO] TASK[Logout]-member borno6655aiub@gmail.com logged out from 103.180.244.251
2025-06-03 15:17:05-EID[]-SID[b7ca3085-51a4-4726-8c02-3d5f425e6155]-[INFO] TASK[Login]-Login attempt for borno6655netflix@gmail.com from IP 103.180.244.251
2025-06-03 15:17:05-EID[]-SID[b7ca3085-51a4-4726-8c02-3d5f425e6155]-[INFO] TASK[DBCheck]-Looking for borno6655netflix@gmail.com in member
2025-06-03 15:17:05-EID[]-SID[b7ca3085-51a4-4726-8c02-3d5f425e6155]-[INFO] TASK[DirectorCheck]-Found director: D01MVSD
2025-06-03 15:17:05-EID[]-SID[b7ca3085-51a4-4726-8c02-3d5f425e6155]-[INFO] TASK[DirectorAuth]-Validating director D01MVSD
2025-06-03 15:17:05-EID[]-SID[b7ca3085-51a4-4726-8c02-3d5f425e6155]-[INFO] TASK[DirectorLogin]-Director ID: D01MVSD, Email: borno6655netflix@gmail.com
2025-06-03 15:17:05-EID[588229-MVSDLAB]-SID[b7ca3085-51a4-4726-8c02-3d5f425e6155]-[INFO] TASK[Generate EID]-Generated EID 588229-MVSDLAB for director borno6655netflix@gmail.com
2025-06-03 15:17:06-EID[588229-MVSDLAB]-SID[b7ca3085-51a4-4726-8c02-3d5f425e6155]-[INFO] TASK[AuthSuccess]-Successful director login for borno6655netflix@gmail.com
2025-06-03 15:17:14-EID[588229-MVSDLAB]-SID[b7ca3085-51a4-4726-8c02-3d5f425e6155]-[INFO] TASK[Auth Check]-User type : Director (member)
2025-06-03 16:36:11-EID[]-SID[3f8fe65b-895d-4e64-9249-6cee2aa2bad2]-[INFO] TASK[Login]-Login attempt for borno6655netflix@gmail.com from IP 103.180.244.251
2025-06-03 16:36:11-EID[]-SID[3f8fe65b-895d-4e64-9249-6cee2aa2bad2]-[INFO] TASK[DBCheck]-Looking for borno6655netflix@gmail.com in member
2025-06-03 16:36:11-EID[]-SID[3f8fe65b-895d-4e64-9249-6cee2aa2bad2]-[INFO] TASK[DirectorCheck]-Found director: D01MVSD
2025-06-03 16:36:11-EID[]-SID[3f8fe65b-895d-4e64-9249-6cee2aa2bad2]-[INFO] TASK[DirectorAuth]-Validating director D01MVSD
2025-06-03 16:36:11-EID[]-SID[3f8fe65b-895d-4e64-9249-6cee2aa2bad2]-[INFO] TASK[DirectorLogin]-Director ID: D01MVSD, Email: borno6655netflix@gmail.com
2025-06-03 16:36:11-EID[957966-MVSDLAB]-SID[3f8fe65b-895d-4e64-9249-6cee2aa2bad2]-[INFO] TASK[Generate EID]-Generated EID 957966-MVSDLAB for director borno6655netflix@gmail.com
2025-06-03 16:36:12-EID[957966-MVSDLAB]-SID[3f8fe65b-895d-4e64-9249-6cee2aa2bad2]-[INFO] TASK[AuthSuccess]-Successful director login for borno6655netflix@gmail.com
2025-06-03 16:36:13-EID[957966-MVSDLAB]-SID[3f8fe65b-895d-4e64-9249-6cee2aa2bad2]-[INFO] TASK[Auth Check]-User type : Director (member)
2025-06-03 16:39:23-EID[957966-MVSDLAB]-SID[3f8fe65b-895d-4e64-9249-6cee2aa2bad2]-[INFO] TASK[Auth Check]-User type : Director (member)
2025-06-03 16:40:54-EID[957966-MVSDLAB]-SID[3f8fe65b-895d-4e64-9249-6cee2aa2bad2]-[INFO] TASK[Auth Check]-User type : Director (member)
2025-06-03 16:49:21-EID[957966-MVSDLAB]-SID[3f8fe65b-895d-4e64-9249-6cee2aa2bad2]-[INFO] TASK[Auth Check]-User type : Director (member)
2025-06-03 16:57:50-EID[957966-MVSDLAB]-SID[3f8fe65b-895d-4e64-9249-6cee2aa2bad2]-[INFO] TASK[Auth Check]-User type : Director (member)
2025-06-03 17:06:10-EID[957966-MVSDLAB]-SID[3f8fe65b-895d-4e64-9249-6cee2aa2bad2]-[INFO] TASK[Auth Check]-User type : Director (member)
2025-06-03 17:10:06-EID[957966-MVSDLAB]-SID[3f8fe65b-895d-4e64-9249-6cee2aa2bad2]-[INFO] TASK[Auth Check]-User type : Director (member)
2025-06-03 17:12:00-EID[957966-MVSDLAB]-SID[3f8fe65b-895d-4e64-9249-6cee2aa2bad2]-[INFO] TASK[Auth Check]-User type : Director (member)
2025-06-03 17:15:28-EID[957966-MVSDLAB]-SID[3f8fe65b-895d-4e64-9249-6cee2aa2bad2]-[INFO] TASK[Auth Check]-User type : Director (member)
2025-06-03 17:15:45-EID[957966-MVSDLAB]-SID[3f8fe65b-895d-4e64-9249-6cee2aa2bad2]-[INFO] TASK[Auth Check]-User type : Director (member)
2025-06-03 17:18:04-EID[957966-MVSDLAB]-SID[3f8fe65b-895d-4e64-9249-6cee2aa2bad2]-[INFO] TASK[Auth Check]-User type : Director (member)
2025-06-03 17:19:12-EID[957966-MVSDLAB]-SID[3f8fe65b-895d-4e64-9249-6cee2aa2bad2]-[INFO] TASK[Auth Check]-User type : Director (member)
2025-06-03 17:20:34-EID[957966-MVSDLAB]-SID[3f8fe65b-895d-4e64-9249-6cee2aa2bad2]-[INFO] TASK[Auth Check]-User type : Director (member)
2025-06-03 17:29:16-EID[957966-MVSDLAB]-SID[3f8fe65b-895d-4e64-9249-6cee2aa2bad2]-[INFO] TASK[Auth Check]-User type : Director (member)
2025-06-03 17:29:31-EID[957966-MVSDLAB]-SID[3f8fe65b-895d-4e64-9249-6cee2aa2bad2]-[INFO] TASK[Auth Check]-User type : Director (member)
2025-06-03 17:35:13-EID[957966-MVSDLAB]-SID[3f8fe65b-895d-4e64-9249-6cee2aa2bad2]-[INFO] TASK[Auth Check]-User type : Director (member)
2025-06-03 17:35:22-EID[957966-MVSDLAB]-SID[3f8fe65b-895d-4e64-9249-6cee2aa2bad2]-[INFO] TASK[Auth Check]-User type : Director (member)
2025-06-03 17:36:04-EID[957966-MVSDLAB]-SID[3f8fe65b-895d-4e64-9249-6cee2aa2bad2]-[INFO] TASK[Auth Check]-User type : Director (member)
2025-06-03 17:36:24-EID[957966-MVSDLAB]-SID[3f8fe65b-895d-4e64-9249-6cee2aa2bad2]-[INFO] TASK[Auth Check]-User type : Director (member)
2025-06-03 17:45:21-EID[957966-MVSDLAB]-SID[3f8fe65b-895d-4e64-9249-6cee2aa2bad2]-[INFO] TASK[Auth Check]-User type : Director (member)
2025-06-03 17:45:31-EID[957966-MVSDLAB]-SID[3f8fe65b-895d-4e64-9249-6cee2aa2bad2]-[INFO] TASK[Auth Check]-User type : Director (member)
2025-06-03 17:46:18-EID[957966-MVSDLAB]-SID[3f8fe65b-895d-4e64-9249-6cee2aa2bad2]-[INFO] TASK[Auth Check]-User type : Director (member)
2025-06-03 17:46:36-EID[957966-MVSDLAB]-SID[3f8fe65b-895d-4e64-9249-6cee2aa2bad2]-[INFO] TASK[Auth Check]-User type : Director (member)
2025-06-03 17:46:43-EID[957966-MVSDLAB]-SID[3f8fe65b-895d-4e64-9249-6cee2aa2bad2]-[INFO] TASK[Auth Check]-User type : Director (member)
2025-06-03 17:54:45-EID[957966-MVSDLAB]-SID[3f8fe65b-895d-4e64-9249-6cee2aa2bad2]-[INFO] TASK[Auth Check]-User type : Director (member)
2025-06-03 18:10:04-EID[957966-MVSDLAB]-SID[3f8fe65b-895d-4e64-9249-6cee2aa2bad2]-[INFO] TASK[Auth Check]-User type : Director (member)
2025-06-03 18:10:17-EID[957966-MVSDLAB]-SID[3f8fe65b-895d-4e64-9249-6cee2aa2bad2]-[INFO] TASK[Auth Check]-User type : Director (member)
2025-06-03 18:11:08-EID[957966-MVSDLAB]-SID[3f8fe65b-895d-4e64-9249-6cee2aa2bad2]-[INFO] TASK[Auth Check]-User type : Director (member)
2025-06-03 18:11:51-EID[957966-MVSDLAB]-SID[3f8fe65b-895d-4e64-9249-6cee2aa2bad2]-[INFO] TASK[Auth Check]-User type : Director (member)
2025-06-03 18:11:55-EID[957966-MVSDLAB]-SID[3f8fe65b-895d-4e64-9249-6cee2aa2bad2]-[INFO] TASK[Auth Check]-User type : Director (member)
2025-06-03 18:12:01-EID[957966-MVSDLAB]-SID[3f8fe65b-895d-4e64-9249-6cee2aa2bad2]-[INFO] TASK[Auth Check]-User type : Director (member)
