2025-05-26 00:09:00-EID[455927-MVSDLAB]-SID[4c9fe0c4-5d0c-4d56-a791-4a0de866c3cd]-[INFO] TASK[Auth Check]-User type : PhD Candidate (member)
2025-05-26 00:09:03-EID[455927-MVSDLAB]-SID[4c9fe0c4-5d0c-4d56-a791-4a0de866c3cd]-[INFO] TASK[DashboardData]-Fetched data for amin@gmail.com
2025-05-26 00:09:03-EID[455927-MVSDLAB]-SID[4c9fe0c4-5d0c-4d56-a791-4a0de866c3cd]-[INFO] TASK[DashboardData]-Fetched data for amin@gmail.com
2025-05-26 00:09:08-EID[455927-MVSDLAB]-SID[4c9fe0c4-5d0c-4d56-a791-4a0de866c3cd]-[INFO] TASK[Auth Check]-User type : PhD Candidate (member)
2025-05-26 00:09:28-EID[455927-MVSDLAB]-SID[4c9fe0c4-5d0c-4d56-a791-4a0de866c3cd]-[INFO] TASK[Auth Check]-User type : PhD Candidate (member)
2025-05-26 02:57:49-EID[]-SID[7d3e6998-9d64-41e9-93e3-ca58d0cd01a9]-[INFO] TASK[Login]-Login attempt for amin@gmail.com from IP 123.200.7.106
2025-05-26 02:57:49-EID[]-SID[7d3e6998-9d64-41e9-93e3-ca58d0cd01a9]-[INFO] TASK[DBCheck]-Looking for amin@gmail.com in member
2025-05-26 02:57:49-EID[762356-MVSDLAB]-SID[7d3e6998-9d64-41e9-93e3-ca58d0cd01a9]-[INFO] TASK[Generate EID]-Generated EID 762356-MVSDLAB for user amin@gmail.com
2025-05-26 02:57:49-EID[762356-MVSDLAB]-SID[7d3e6998-9d64-41e9-93e3-ca58d0cd01a9]-[INFO] TASK[AuthSuccess]-Successful member login for amin@gmail.com
2025-05-26 02:57:51-EID[762356-MVSDLAB]-SID[7d3e6998-9d64-41e9-93e3-ca58d0cd01a9]-[INFO] TASK[Auth Check]-User type : PhD Candidate (member)
2025-05-26 02:57:52-EID[762356-MVSDLAB]-SID[7d3e6998-9d64-41e9-93e3-ca58d0cd01a9]-[INFO] TASK[DashboardData]-Fetched data for amin@gmail.com
2025-05-26 02:57:52-EID[762356-MVSDLAB]-SID[7d3e6998-9d64-41e9-93e3-ca58d0cd01a9]-[INFO] TASK[DashboardData]-Fetched data for amin@gmail.com
2025-05-26 02:58:45-EID[762356-MVSDLAB]-SID[7d3e6998-9d64-41e9-93e3-ca58d0cd01a9]-[INFO] TASK[Auth Check]-User type : PhD Candidate (member)
2025-05-26 03:00:14-EID[762356-MVSDLAB]-SID[7d3e6998-9d64-41e9-93e3-ca58d0cd01a9]-[INFO] TASK[Auth Check]-User type : PhD Candidate (member)
2025-05-26 03:03:47-EID[762356-MVSDLAB]-SID[7d3e6998-9d64-41e9-93e3-ca58d0cd01a9]-[INFO] TASK[Auth Check]-User type : PhD Candidate (member)
2025-05-26 03:41:36-EID[]-SID[28e4284d-81d9-45d9-8f47-c7537185bb0c]-[INFO] TASK[Login]-Login attempt for amin@gmail.com from IP 123.200.7.106
2025-05-26 03:41:36-EID[]-SID[28e4284d-81d9-45d9-8f47-c7537185bb0c]-[INFO] TASK[DBCheck]-Looking for amin@gmail.com in member
2025-05-26 03:41:36-EID[390655-MVSDLAB]-SID[28e4284d-81d9-45d9-8f47-c7537185bb0c]-[INFO] TASK[Generate EID]-Generated EID 390655-MVSDLAB for user amin@gmail.com
2025-05-26 03:41:37-EID[390655-MVSDLAB]-SID[28e4284d-81d9-45d9-8f47-c7537185bb0c]-[INFO] TASK[AuthSuccess]-Successful member login for amin@gmail.com
2025-05-26 03:41:48-EID[390655-MVSDLAB]-SID[28e4284d-81d9-45d9-8f47-c7537185bb0c]-[INFO] TASK[Auth Check]-User type : PhD Candidate (member)
2025-05-26 03:41:49-EID[390655-MVSDLAB]-SID[28e4284d-81d9-45d9-8f47-c7537185bb0c]-[INFO] TASK[DashboardData]-Fetched data for amin@gmail.com
2025-05-26 03:41:50-EID[390655-MVSDLAB]-SID[28e4284d-81d9-45d9-8f47-c7537185bb0c]-[INFO] TASK[DashboardData]-Fetched data for amin@gmail.com
2025-05-26 03:41:53-EID[390655-MVSDLAB]-SID[28e4284d-81d9-45d9-8f47-c7537185bb0c]-[INFO] TASK[Auth Check]-User type : PhD Candidate (member)
2025-05-26 03:42:00-EID[390655-MVSDLAB]-SID[28e4284d-81d9-45d9-8f47-c7537185bb0c]-[INFO] TASK[Auth Check]-User type : PhD Candidate (member)
2025-05-26 03:44:23-EID[390655-MVSDLAB]-SID[28e4284d-81d9-45d9-8f47-c7537185bb0c]-[INFO] TASK[Auth Check]-User type : PhD Candidate (member)
2025-05-26 03:44:47-EID[390655-MVSDLAB]-SID[28e4284d-81d9-45d9-8f47-c7537185bb0c]-[INFO] TASK[Auth Check]-User type : PhD Candidate (member)
2025-05-26 04:06:18-EID[]-SID[86bfcee3-9dfc-419b-a128-093f8a09a99f]-[INFO] TASK[Login]-Login attempt for amin@gmail.com from IP 123.200.7.106
2025-05-26 04:06:18-EID[]-SID[86bfcee3-9dfc-419b-a128-093f8a09a99f]-[INFO] TASK[DBCheck]-Looking for amin@gmail.com in member
2025-05-26 04:06:18-EID[505507-MVSDLAB]-SID[86bfcee3-9dfc-419b-a128-093f8a09a99f]-[INFO] TASK[Generate EID]-Generated EID 505507-MVSDLAB for user amin@gmail.com
2025-05-26 04:06:18-EID[505507-MVSDLAB]-SID[86bfcee3-9dfc-419b-a128-093f8a09a99f]-[INFO] TASK[AuthSuccess]-Successful member login for amin@gmail.com
2025-05-26 04:06:25-EID[505507-MVSDLAB]-SID[86bfcee3-9dfc-419b-a128-093f8a09a99f]-[INFO] TASK[Auth Check]-User type : PhD Candidate (member)
2025-05-26 04:06:26-EID[505507-MVSDLAB]-SID[86bfcee3-9dfc-419b-a128-093f8a09a99f]-[INFO] TASK[DashboardData]-Fetched data for amin@gmail.com
2025-05-26 04:06:26-EID[505507-MVSDLAB]-SID[86bfcee3-9dfc-419b-a128-093f8a09a99f]-[INFO] TASK[DashboardData]-Fetched data for amin@gmail.com
2025-05-26 04:06:36-EID[505507-MVSDLAB]-SID[86bfcee3-9dfc-419b-a128-093f8a09a99f]-[INFO] TASK[Auth Check]-User type : PhD Candidate (member)
2025-05-26 04:07:52-EID[505507-MVSDLAB]-SID[86bfcee3-9dfc-419b-a128-093f8a09a99f]-[INFO] TASK[Auth Check]-User type : PhD Candidate (member)
